{"name": "Успешное создание заказа авторизованным пользователем.", "status": "broken", "statusDetails": {"message": "selenium.common.exceptions.TimeoutException: Message:", "trace": "self = <test_order_creation_flow.TestOrderCreation object at 0x000002810E9EC120>, driver = <selenium.webdriver.firefox.webdriver.WebDriver (session=\"93cf9bba-c1e3-40ab-abca-c4e45d52108a\")>, upload_tokens_to_session = None\n\n    @allure.title('Успешное создание заказа авторизованным пользователем.')\n    @allure.description('Для теста регистрируется пользователь и добавляются токены авторизации в Loсal Storage фикстурой upload_tokens_to_session.'\n                        ' В конструкторе формируется заказ из трех ингредиентов и оформляется кликом по кнопке Оформить заказ.'\n                        ' Проверка что в окне подтверждения заказа вернулся номер заказа.'\n                        ' Переход на страницу Лента заказов и проверка что номер заказа отображается среди 5 последних заказов в Ленте.'\n                        ' После теста пользователь удаляется фикстурой и очищается Loсal Storage.')\n    def test_order_creation_user_authorized_constructor_filled_and_submitted_order_created(self, driver, upload_tokens_to_session):\n        main_page = MainPage(driver)\n        main_page.submit_order()\n>       order = main_page.get_order_number()\n\ntests\\test_order_creation_flow.py:117: \n_ _ _ _ _ _ _ _ _ _ _ _ _ _ _ _ _ _ _ _ _ _ _ _ _ _ _ _ _ _ _ _ _ _ _ _ _ _ _ _ _ _ _ _ _ _ _ _ _ _ _ _ _ _ _ _ _ _ _ _ _ _ _ _ _ _ _ _ _ _ _ _ _ _ _ _ _ _ _ _ _ _ _ _ _ _ _ _ _ _ _ _ _ _ _ _ _ _ _ _ _ _ _ _ _ _ _ _ _ _ _ _ _ _ _ _ _ _ _ _ _ _\npages\\main_page.py:123: in get_order_number\n    self.order_number_wait()\npages\\main_page.py:119: in order_number_wait\n    self.wait_elem_text_change(MainPageLocators.order_number, '9999')\npages\\base_page.py:71: in wait_elem_text_change\n    WebDriverWait(self.driver, 10).until(expected_conditions.none_of(\n_ _ _ _ _ _ _ _ _ _ _ _ _ _ _ _ _ _ _ _ _ _ _ _ _ _ _ _ _ _ _ _ _ _ _ _ _ _ _ _ _ _ _ _ _ _ _ _ _ _ _ _ _ _ _ _ _ _ _ _ _ _ _ _ _ _ _ _ _ _ _ _ _ _ _ _ _ _ _ _ _ _ _ _ _ _ _ _ _ _ _ _ _ _ _ _ _ _ _ _ _ _ _ _ _ _ _ _ _ _ _ _ _ _ _ _ _ _ _ _ _ _\n\nself = <selenium.webdriver.support.wait.WebDriverWait (session=\"93cf9bba-c1e3-40ab-abca-c4e45d52108a\")>, method = <function none_of.<locals>.none_of_condition at 0x000002810EA8EAC0>, message = ''\n\n    def until(self, method: Callable[[D], Union[Literal[False], T]], message: str = \"\") -> T:\n        \"\"\"Wait until the method returns a value that is not False.\n    \n        Calls the method provided with the driver as an argument until the\n        return value does not evaluate to ``False``.\n    \n        Parameters:\n        ----------\n        method: callable(WebDriver)\n            - A callable object that takes a WebDriver instance as an argument.\n    \n        message: str\n            - Optional message for :exc:`TimeoutException`\n    \n        Return:\n        -------\n        object: T\n            - The result of the last call to `method`\n    \n        Raises:\n        -------\n        TimeoutException\n            - If 'method' does not return a truthy value within the WebDriverWait\n            object's timeout\n    \n        Example:\n        --------\n        >>> from selenium.webdriver.common.by import By\n        >>> from selenium.webdriver.support.ui import WebDriverWait\n        >>> from selenium.webdriver.support import expected_conditions as EC\n    \n        # Wait until an element is visible on the page\n        >>> wait = WebDriverWait(driver, 10)\n        >>> element = wait.until(EC.visibility_of_element_located((By.ID, \"exampleId\")))\n        >>> print(element.text)\n        \"\"\"\n        screen = None\n        stacktrace = None\n    \n        end_time = time.monotonic() + self._timeout\n        while True:\n            try:\n                value = method(self._driver)\n                if value:\n                    return value\n            except self._ignored_exceptions as exc:\n                screen = getattr(exc, \"screen\", None)\n                stacktrace = getattr(exc, \"stacktrace\", None)\n            if time.monotonic() > end_time:\n                break\n            time.sleep(self._poll)\n>       raise TimeoutException(message, screen, stacktrace)\nE       selenium.common.exceptions.TimeoutException: Message:\n\nvenv\\Lib\\site-packages\\selenium\\webdriver\\support\\wait.py:146: TimeoutException"}, "description": "Для теста регистрируется пользователь и добавляются токены авторизации в Loсal Storage фикстурой upload_tokens_to_session. В конструкторе формируется заказ из трех ингредиентов и оформляется кликом по кнопке Оформить заказ. Проверка что в окне подтверждения заказа вернулся номер заказа. Переход на страницу Лента заказов и проверка что номер заказа отображается среди 5 последних заказов в Ленте. После теста пользователь удаляется фикстурой и очищается Loсal Storage.", "steps": [{"name": "Создание заказа и клик по кнопке Оформить заказ", "status": "passed", "steps": [{"name": "Формирование заказа из трех ингредиентов", "status": "passed", "steps": [{"name": "Перетащить Флюоресцентную булку в конструктор", "status": "passed", "steps": [{"name": "Ожидание кликабельности ингредиента Флюоресцентная булка", "status": "passed", "steps": [{"name": "Ожидание кликабельности элемента", "status": "passed", "parameters": [{"name": "locator", "value": "['xpath', \".//img[@alt = 'Флюоресцентная булка R2-D3']\"]"}], "start": 1742060361152, "stop": 1742060361193}], "start": 1742060361152, "stop": 1742060361193}, {"name": "Перетащить злемент", "status": "passed", "parameters": [{"name": "source_locator", "value": "['xpath', \".//img[@alt = 'Флюоресцентная булка R2-D3']\"]"}, {"name": "target_locator", "value": "['xpath', \".//span[text() = 'Перетяните булочку сюда (верх)']\"]"}], "start": 1742060361193, "stop": 1742060361777}], "start": 1742060361151, "stop": 1742060361777}, {"name": "Перетащить соус в конструктор", "status": "passed", "steps": [{"name": "Ожидание кликабельности соуса", "status": "passed", "steps": [{"name": "Ожидание кликабельности элемента", "status": "passed", "parameters": [{"name": "locator", "value": "['xpath', \".//img[@alt = 'Соус Spicy-X']\"]"}], "start": 1742060361777, "stop": 1742060361800}], "start": 1742060361777, "stop": 1742060361800}, {"name": "Перетащить злемент", "status": "passed", "parameters": [{"name": "source_locator", "value": "['xpath', \".//img[@alt = 'Соус Spicy-X']\"]"}, {"name": "target_locator", "value": "['xpath', \".//span[@class = 'BurgerConstructor_basket__listContainer__3P_AM']\"]"}], "start": 1742060361800, "stop": 1742060362336}], "start": 1742060361777, "stop": 1742060362336}, {"name": "Перетащить начинку в конструктор", "status": "passed", "steps": [{"name": "Ожидание кликабельности начинки", "status": "passed", "steps": [{"name": "Ожидание кликабельности элемента", "status": "passed", "parameters": [{"name": "locator", "value": "['xpath', \".//img[@alt = 'Мясо бессмертных моллюсков Protostomia']\"]"}], "start": 1742060362337, "stop": 1742060362357}], "start": 1742060362337, "stop": 1742060362357}, {"name": "Перетащить злемент", "status": "passed", "parameters": [{"name": "source_locator", "value": "['xpath', \".//img[@alt = 'Мясо бессмертных моллюсков Protostomia']\"]"}, {"name": "target_locator", "value": "['xpath', \".//span[@class = 'BurgerConstructor_basket__listContainer__3P_AM']\"]"}], "start": 1742060362358, "stop": 1742060362885}], "start": 1742060362336, "stop": 1742060362885}], "start": 1742060361151, "stop": 1742060362885}, {"name": "Клик по элементу", "status": "passed", "parameters": [{"name": "locator", "value": "['xpath', './/button']"}], "start": 1742060362885, "stop": 1742060362910}], "start": 1742060361151, "stop": 1742060362910}, {"name": "Получение номера заказа", "status": "broken", "statusDetails": {"message": "selenium.common.exceptions.TimeoutException: Message: \n\n", "trace": "  File \"C:\\Users\\turma\\PycharmProjects\\Diplom\\Diplom_3\\venv\\Lib\\site-packages\\allure_commons\\_allure.py\", line 192, in impl\n    return func(*a, **kw)\n  File \"C:\\Users\\turma\\PycharmProjects\\Diplom\\Diplom_3\\pages\\main_page.py\", line 123, in get_order_number\n    self.order_number_wait()\n    ~~~~~~~~~~~~~~~~~~~~~~^^\n  File \"C:\\Users\\turma\\PycharmProjects\\Diplom\\Diplom_3\\venv\\Lib\\site-packages\\allure_commons\\_allure.py\", line 192, in impl\n    return func(*a, **kw)\n  File \"C:\\Users\\turma\\PycharmProjects\\Diplom\\Diplom_3\\pages\\main_page.py\", line 119, in order_number_wait\n    self.wait_elem_text_change(MainPageLocators.order_number, '9999')\n    ~~~~~~~~~~~~~~~~~~~~~~~~~~^^^^^^^^^^^^^^^^^^^^^^^^^^^^^^^^^^^^^^^\n  File \"C:\\Users\\turma\\PycharmProjects\\Diplom\\Diplom_3\\venv\\Lib\\site-packages\\allure_commons\\_allure.py\", line 192, in impl\n    return func(*a, **kw)\n  File \"C:\\Users\\turma\\PycharmProjects\\Diplom\\Diplom_3\\pages\\base_page.py\", line 71, in wait_elem_text_change\n    WebDriverWait(self.driver, 10).until(expected_conditions.none_of(\n    ~~~~~~~~~~~~~~~~~~~~~~~~~~~~~~~~~~~~^^^^^^^^^^^^^^^^^^^^^^^^^^^^^\n    expected_conditions.text_to_be_present_in_element(locator, text)))\n    ^^^^^^^^^^^^^^^^^^^^^^^^^^^^^^^^^^^^^^^^^^^^^^^^^^^^^^^^^^^^^^^^^^\n  File \"C:\\Users\\turma\\PycharmProjects\\Diplom\\Diplom_3\\venv\\Lib\\site-packages\\selenium\\webdriver\\support\\wait.py\", line 146, in until\n    raise TimeoutException(message, screen, stacktrace)\n"}, "steps": [{"name": "Ожидание появления номера заказа в окне подтверждения заказа", "status": "broken", "statusDetails": {"message": "selenium.common.exceptions.TimeoutException: Message: \n\n", "trace": "  File \"C:\\Users\\turma\\PycharmProjects\\Diplom\\Diplom_3\\venv\\Lib\\site-packages\\allure_commons\\_allure.py\", line 192, in impl\n    return func(*a, **kw)\n  File \"C:\\Users\\turma\\PycharmProjects\\Diplom\\Diplom_3\\pages\\main_page.py\", line 119, in order_number_wait\n    self.wait_elem_text_change(MainPageLocators.order_number, '9999')\n    ~~~~~~~~~~~~~~~~~~~~~~~~~~^^^^^^^^^^^^^^^^^^^^^^^^^^^^^^^^^^^^^^^\n  File \"C:\\Users\\turma\\PycharmProjects\\Diplom\\Diplom_3\\venv\\Lib\\site-packages\\allure_commons\\_allure.py\", line 192, in impl\n    return func(*a, **kw)\n  File \"C:\\Users\\turma\\PycharmProjects\\Diplom\\Diplom_3\\pages\\base_page.py\", line 71, in wait_elem_text_change\n    WebDriverWait(self.driver, 10).until(expected_conditions.none_of(\n    ~~~~~~~~~~~~~~~~~~~~~~~~~~~~~~~~~~~~^^^^^^^^^^^^^^^^^^^^^^^^^^^^^\n    expected_conditions.text_to_be_present_in_element(locator, text)))\n    ^^^^^^^^^^^^^^^^^^^^^^^^^^^^^^^^^^^^^^^^^^^^^^^^^^^^^^^^^^^^^^^^^^\n  File \"C:\\Users\\turma\\PycharmProjects\\Diplom\\Diplom_3\\venv\\Lib\\site-packages\\selenium\\webdriver\\support\\wait.py\", line 146, in until\n    raise TimeoutException(message, screen, stacktrace)\n"}, "steps": [{"name": "Ожидание видимости окна с деталями", "status": "passed", "steps": [{"name": "Ожидание видимости элемента", "status": "passed", "parameters": [{"name": "locator", "value": "['xpath', \".//section[@class = 'Modal_modal_opened__3ISw4 Modal_modal__P3_V5']\"]"}], "start": 1742060362911, "stop": 1742060363453}], "start": 1742060362911, "stop": 1742060363453}, {"name": "Ожидание смены текста элемента на новый", "status": "broken", "statusDetails": {"message": "selenium.common.exceptions.TimeoutException: Message: \n\n", "trace": "  File \"C:\\Users\\turma\\PycharmProjects\\Diplom\\Diplom_3\\venv\\Lib\\site-packages\\allure_commons\\_allure.py\", line 192, in impl\n    return func(*a, **kw)\n  File \"C:\\Users\\turma\\PycharmProjects\\Diplom\\Diplom_3\\pages\\base_page.py\", line 71, in wait_elem_text_change\n    WebDriverWait(self.driver, 10).until(expected_conditions.none_of(\n    ~~~~~~~~~~~~~~~~~~~~~~~~~~~~~~~~~~~~^^^^^^^^^^^^^^^^^^^^^^^^^^^^^\n    expected_conditions.text_to_be_present_in_element(locator, text)))\n    ^^^^^^^^^^^^^^^^^^^^^^^^^^^^^^^^^^^^^^^^^^^^^^^^^^^^^^^^^^^^^^^^^^\n  File \"C:\\Users\\turma\\PycharmProjects\\Diplom\\Diplom_3\\venv\\Lib\\site-packages\\selenium\\webdriver\\support\\wait.py\", line 146, in until\n    raise TimeoutException(message, screen, stacktrace)\n"}, "parameters": [{"name": "locator", "value": "['xpath', \".//section[@class = 'Modal_modal_opened__3ISw4 Modal_modal__P3_V5']//h2\"]"}, {"name": "text", "value": "'9999'"}], "start": 1742060363454, "stop": 1742060373867}], "start": 1742060362911, "stop": 1742060373871}], "start": 1742060362911, "stop": 1742060373876}], "start": 1742060361151, "stop": 1742060373884, "uuid": "abe0db65-44cd-453a-9112-06bcdf1299c4", "historyId": "d02b9af655f1180e087a5de356679eef", "testCaseId": "d02b9af655f1180e087a5de356679eef", "fullName": "tests.test_order_creation_flow.TestOrderCreation#test_order_creation_user_authorized_constructor_filled_and_submitted_order_created", "labels": [{"name": "parentSuite", "value": "tests"}, {"name": "suite", "value": "test_order_creation_flow"}, {"name": "subSuite", "value": "TestOrderCreation"}, {"name": "host", "value": "k-julls"}, {"name": "thread", "value": "11064-MainThread"}, {"name": "framework", "value": "pytest"}, {"name": "language", "value": "cpython3"}, {"name": "package", "value": "tests.test_order_creation_flow"}]}